
> frontend@0.0.1 dev
> vite dev

node:internal/modules/esm/resolve:274
    throw new ERR_MODULE_NOT_FOUND(
          ^

Error [ERR_MODULE_NOT_FOUND]: Cannot find module '/home/hilya/website/frontend/node_modules/dist/node/cli.js' imported from /home/hilya/website/frontend/node_modules/.bin/vite
    at finalizeResolution (node:internal/modules/esm/resolve:274:11)
    at moduleResolve (node:internal/modules/esm/resolve:864:10)
    at defaultResolve (node:internal/modules/esm/resolve:990:11)
    at #cachedDefaultResolve (node:internal/modules/esm/loader:712:20)
    at #resolveAndMaybeBlockOnLoaderThread (node:internal/modules/esm/loader:729:38)
    at ModuleLoader.resolveSync (node:internal/modules/esm/loader:758:52)
    at #resolve (node:internal/modules/esm/loader:694:17)
    at ModuleLoader.getOrCreateModuleJob (node:internal/modules/esm/loader:614:35)
    at onImport.tracePromise.__proto__ (node:internal/modules/esm/loader:643:32)
    at TracingChannel.tracePromise (node:diagnostics_channel:350:14) {
  code: 'ERR_MODULE_NOT_FOUND',
  url: 'file:///home/hilya/website/frontend/node_modules/dist/node/cli.js'
}

Node.js v25.2.1
