
> backend@1.0.0 dev
> nodemon index.js

node:internal/modules/cjs/loader:1423
  throw err;
  ^

Error: Cannot find module '../lib/cli'
Require stack:
- /home/hilya/website/backend/node_modules/.bin/nodemon
    at Module._resolveFilename (node:internal/modules/cjs/loader:1420:15)
    at defaultResolveImpl (node:internal/modules/cjs/loader:1058:19)
    at resolveForCJSWithHooks (node:internal/modules/cjs/loader:1063:22)
    at Module._load (node:internal/modules/cjs/loader:1226:37)
    at TracingChannel.traceSync (node:diagnostics_channel:328:14)
    at wrapModuleLoad (node:internal/modules/cjs/loader:245:24)
    at Module.require (node:internal/modules/cjs/loader:1503:12)
    at require (node:internal/modules/helpers:152:16)
    at Object.<anonymous> (/home/hilya/website/backend/node_modules/.bin/nodemon:3:13)
    at Module._compile (node:internal/modules/cjs/loader:1760:14) {
  code: 'MODULE_NOT_FOUND',
  requireStack: [ '/home/hilya/website/backend/node_modules/.bin/nodemon' ]
}

Node.js v25.2.1
